<?xml version="1.0"?>
<!DOCTYPE coverage SYSTEM "http://cobertura.sourceforge.net/xml/coverage-04.dtd">

<coverage line-rate="0.7570621468926554" branch-rate="0.8484848484848485" lines-covered="268" lines-valid="354" branches-covered="56" branches-valid="66" complexity="1.3179190751445087" version="1.9.4.1" timestamp="1315668563611">
	<sources>
		<source>--source</source>
		<source>/scratch/hudson/workspace/fluent-reflection/src/main/java</source>
	</sources>
	<packages>
		<package name="com.lexicalscope.fluentreflection" line-rate="0.7570621468926554" branch-rate="0.8484848484848485" complexity="1.3179190751445087">
			<classes>
				<class name="com.lexicalscope.fluentreflection.ConstructorNotFoundRuntimeException" filename="com/lexicalscope/fluentreflection/ConstructorNotFoundRuntimeException.java" line-rate="0.0" branch-rate="1.0" complexity="1.0">
					<methods>
						<method name="&lt;init&gt;" signature="()V" line-rate="0.0" branch-rate="1.0">
							<lines>
								<line number="10" hits="0" branch="false"/>
								<line number="11" hits="0" branch="false"/>
							</lines>
						</method>
						<method name="&lt;init&gt;" signature="(Ljava/lang/Class;[Ljava/lang/Object;)V" line-rate="0.0" branch-rate="1.0">
							<lines>
								<line number="26" hits="0" branch="false"/>
								<line number="27" hits="0" branch="false"/>
							</lines>
						</method>
						<method name="&lt;init&gt;" signature="(Ljava/lang/String;)V" line-rate="0.0" branch-rate="1.0">
							<lines>
								<line number="18" hits="0" branch="false"/>
								<line number="19" hits="0" branch="false"/>
							</lines>
						</method>
						<method name="&lt;init&gt;" signature="(Ljava/lang/String;Ljava/lang/Throwable;)V" line-rate="0.0" branch-rate="1.0">
							<lines>
								<line number="14" hits="0" branch="false"/>
								<line number="15" hits="0" branch="false"/>
							</lines>
						</method>
						<method name="&lt;init&gt;" signature="(Ljava/lang/Throwable;)V" line-rate="0.0" branch-rate="1.0">
							<lines>
								<line number="22" hits="0" branch="false"/>
								<line number="23" hits="0" branch="false"/>
							</lines>
						</method>
					</methods>
					<lines>
						<line number="10" hits="0" branch="false"/>
						<line number="11" hits="0" branch="false"/>
						<line number="14" hits="0" branch="false"/>
						<line number="15" hits="0" branch="false"/>
						<line number="18" hits="0" branch="false"/>
						<line number="19" hits="0" branch="false"/>
						<line number="22" hits="0" branch="false"/>
						<line number="23" hits="0" branch="false"/>
						<line number="26" hits="0" branch="false"/>
						<line number="27" hits="0" branch="false"/>
					</lines>
				</class>
				<class name="com.lexicalscope.fluentreflection.ConvertClassToReflectedType" filename="com/lexicalscope/fluentreflection/ConvertClassToReflectedType.java" line-rate="1.0" branch-rate="1.0" complexity="1.0">
					<methods>
						<method name="&lt;init&gt;" signature="()V" line-rate="1.0" branch-rate="1.0">
							<lines>
							</lines>
						</method>
						<method name="convert" signature="(Ljava/lang/Class;)Lcom/lexicalscope/fluentreflection/ReflectedType;" line-rate="1.0" branch-rate="1.0">
							<lines>
								<line number="25" hits="14" branch="false"/>
							</lines>
						</method>
						<method name="convert" signature="(Ljava/lang/Object;)Ljava/lang/Object;" line-rate="1.0" branch-rate="1.0">
							<lines>
								<line number="22" hits="25" branch="false"/>
							</lines>
						</method>
					</methods>
					<lines>
						<line number="22" hits="25" branch="false"/>
						<line number="25" hits="14" branch="false"/>
					</lines>
				</class>
				<class name="com.lexicalscope.fluentreflection.ConvertClassToReflectedTypeAssignableMatcher" filename="com/lexicalscope/fluentreflection/ConvertClassToReflectedTypeAssignableMatcher.java" line-rate="1.0" branch-rate="1.0" complexity="3.0">
					<methods>
						<method name="&lt;init&gt;" signature="()V" line-rate="1.0" branch-rate="1.0">
							<lines>
							</lines>
						</method>
						<method name="convert" signature="(Ljava/lang/Class;)Lorg/hamcrest/Matcher;" line-rate="1.0" branch-rate="1.0">
							<lines>
								<line number="12" hits="11" branch="true" condition-coverage="100% (2/2)">
									<conditions>
										<condition number="0" type="jump" coverage="100%"/>
									</conditions>
								</line>
								<line number="13" hits="4" branch="false"/>
								<line number="15" hits="7" branch="false"/>
							</lines>
						</method>
						<method name="convert" signature="(Ljava/lang/Object;)Ljava/lang/Object;" line-rate="1.0" branch-rate="1.0">
							<lines>
								<line number="9" hits="19" branch="false"/>
							</lines>
						</method>
					</methods>
					<lines>
						<line number="9" hits="19" branch="false"/>
						<line number="12" hits="11" branch="true" condition-coverage="100% (2/2)">
							<conditions>
								<condition number="0" type="jump" coverage="100%"/>
							</conditions>
						</line>
						<line number="13" hits="4" branch="false"/>
						<line number="15" hits="7" branch="false"/>
					</lines>
				</class>
				<class name="com.lexicalscope.fluentreflection.ConvertClassToReflectedTypeMatcher" filename="com/lexicalscope/fluentreflection/ConvertClassToReflectedTypeMatcher.java" line-rate="0.75" branch-rate="0.5" complexity="3.0">
					<methods>
						<method name="&lt;init&gt;" signature="()V" line-rate="1.0" branch-rate="1.0">
							<lines>
							</lines>
						</method>
						<method name="convert" signature="(Ljava/lang/Class;)Lorg/hamcrest/Matcher;" line-rate="0.6666666666666666" branch-rate="0.5">
							<lines>
								<line number="12" hits="1" branch="true" condition-coverage="50% (1/2)">
									<conditions>
										<condition number="0" type="jump" coverage="50%"/>
									</conditions>
								</line>
								<line number="13" hits="0" branch="false"/>
								<line number="15" hits="1" branch="false"/>
							</lines>
						</method>
						<method name="convert" signature="(Ljava/lang/Object;)Ljava/lang/Object;" line-rate="1.0" branch-rate="1.0">
							<lines>
								<line number="9" hits="1" branch="false"/>
							</lines>
						</method>
					</methods>
					<lines>
						<line number="9" hits="1" branch="false"/>
						<line number="12" hits="1" branch="true" condition-coverage="50% (1/2)">
							<conditions>
								<condition number="0" type="jump" coverage="50%"/>
							</conditions>
						</line>
						<line number="13" hits="0" branch="false"/>
						<line number="15" hits="1" branch="false"/>
					</lines>
				</class>
				<class name="com.lexicalscope.fluentreflection.ConvertConstructorToReflectedConstructor" filename="com/lexicalscope/fluentreflection/ConvertConstructorToReflectedConstructor.java" line-rate="1.0" branch-rate="1.0" complexity="1.0">
					<methods>
						<method name="&lt;init&gt;" signature="()V" line-rate="1.0" branch-rate="1.0">
							<lines>
							</lines>
						</method>
						<method name="convert" signature="(Ljava/lang/Object;)Ljava/lang/Object;" line-rate="1.0" branch-rate="1.0">
							<lines>
								<line number="7" hits="24" branch="false"/>
							</lines>
						</method>
						<method name="convert" signature="(Ljava/lang/reflect/Constructor;)Lcom/lexicalscope/fluentreflection/ReflectedConstructor;" line-rate="1.0" branch-rate="1.0">
							<lines>
								<line number="11" hits="16" branch="false"/>
							</lines>
						</method>
					</methods>
					<lines>
						<line number="7" hits="24" branch="false"/>
						<line number="11" hits="16" branch="false"/>
					</lines>
				</class>
				<class name="com.lexicalscope.fluentreflection.ConvertObjectToClass" filename="com/lexicalscope/fluentreflection/ConvertObjectToClass.java" line-rate="1.0" branch-rate="1.0" complexity="3.0">
					<methods>
						<method name="&lt;init&gt;" signature="()V" line-rate="1.0" branch-rate="1.0">
							<lines>
							</lines>
						</method>
						<method name="convert" signature="(Ljava/lang/Object;)Ljava/lang/Class;" line-rate="1.0" branch-rate="1.0">
							<lines>
								<line number="8" hits="10" branch="true" condition-coverage="100% (2/2)">
									<conditions>
										<condition number="0" type="jump" coverage="100%"/>
									</conditions>
								</line>
								<line number="9" hits="4" branch="false"/>
								<line number="11" hits="6" branch="false"/>
							</lines>
						</method>
						<method name="convert" signature="(Ljava/lang/Object;)Ljava/lang/Object;" line-rate="1.0" branch-rate="1.0">
							<lines>
								<line number="5" hits="17" branch="false"/>
							</lines>
						</method>
					</methods>
					<lines>
						<line number="5" hits="17" branch="false"/>
						<line number="8" hits="10" branch="true" condition-coverage="100% (2/2)">
							<conditions>
								<condition number="0" type="jump" coverage="100%"/>
							</conditions>
						</line>
						<line number="9" hits="4" branch="false"/>
						<line number="11" hits="6" branch="false"/>
					</lines>
				</class>
				<class name="com.lexicalscope.fluentreflection.ConvertReflectedTypeToClass" filename="com/lexicalscope/fluentreflection/ConvertReflectedTypeToClass.java" line-rate="1.0" branch-rate="1.0" complexity="1.0">
					<methods>
						<method name="&lt;init&gt;" signature="()V" line-rate="1.0" branch-rate="1.0">
							<lines>
							</lines>
						</method>
						<method name="convert" signature="(Lcom/lexicalscope/fluentreflection/ReflectedType;)Ljava/lang/Class;" line-rate="1.0" branch-rate="1.0">
							<lines>
								<line number="25" hits="6" branch="false"/>
							</lines>
						</method>
						<method name="convert" signature="(Ljava/lang/Object;)Ljava/lang/Object;" line-rate="1.0" branch-rate="1.0">
							<lines>
								<line number="22" hits="12" branch="false"/>
							</lines>
						</method>
					</methods>
					<lines>
						<line number="22" hits="12" branch="false"/>
						<line number="25" hits="6" branch="false"/>
					</lines>
				</class>
				<class name="com.lexicalscope.fluentreflection.IllegalAccessRuntimeException" filename="com/lexicalscope/fluentreflection/IllegalAccessRuntimeException.java" line-rate="0.0" branch-rate="1.0" complexity="1.0">
					<methods>
						<method name="&lt;init&gt;" signature="()V" line-rate="0.0" branch-rate="1.0">
							<lines>
								<line number="9" hits="0" branch="false"/>
								<line number="10" hits="0" branch="false"/>
							</lines>
						</method>
						<method name="&lt;init&gt;" signature="(Ljava/lang/IllegalAccessException;Ljava/lang/reflect/Member;)V" line-rate="0.0" branch-rate="1.0">
							<lines>
								<line number="24" hits="0" branch="false"/>
								<line number="26" hits="0" branch="false"/>
							</lines>
						</method>
						<method name="&lt;init&gt;" signature="(Ljava/lang/String;)V" line-rate="0.0" branch-rate="1.0">
							<lines>
								<line number="17" hits="0" branch="false"/>
								<line number="18" hits="0" branch="false"/>
							</lines>
						</method>
						<method name="&lt;init&gt;" signature="(Ljava/lang/String;Ljava/lang/Throwable;)V" line-rate="0.0" branch-rate="1.0">
							<lines>
								<line number="13" hits="0" branch="false"/>
								<line number="14" hits="0" branch="false"/>
							</lines>
						</method>
						<method name="&lt;init&gt;" signature="(Ljava/lang/Throwable;)V" line-rate="0.0" branch-rate="1.0">
							<lines>
								<line number="21" hits="0" branch="false"/>
								<line number="22" hits="0" branch="false"/>
							</lines>
						</method>
					</methods>
					<lines>
						<line number="9" hits="0" branch="false"/>
						<line number="10" hits="0" branch="false"/>
						<line number="13" hits="0" branch="false"/>
						<line number="14" hits="0" branch="false"/>
						<line number="17" hits="0" branch="false"/>
						<line number="18" hits="0" branch="false"/>
						<line number="21" hits="0" branch="false"/>
						<line number="22" hits="0" branch="false"/>
						<line number="24" hits="0" branch="false"/>
						<line number="26" hits="0" branch="false"/>
					</lines>
				</class>
				<class name="com.lexicalscope.fluentreflection.InstantiationRuntimeException" filename="com/lexicalscope/fluentreflection/InstantiationRuntimeException.java" line-rate="0.0" branch-rate="1.0" complexity="1.0">
					<methods>
						<method name="&lt;init&gt;" signature="()V" line-rate="0.0" branch-rate="1.0">
							<lines>
								<line number="9" hits="0" branch="false"/>
								<line number="10" hits="0" branch="false"/>
							</lines>
						</method>
						<method name="&lt;init&gt;" signature="(Ljava/lang/InstantiationException;Ljava/lang/reflect/Constructor;)V" line-rate="0.0" branch-rate="1.0">
							<lines>
								<line number="24" hits="0" branch="false"/>
								<line number="26" hits="0" branch="false"/>
							</lines>
						</method>
						<method name="&lt;init&gt;" signature="(Ljava/lang/String;)V" line-rate="0.0" branch-rate="1.0">
							<lines>
								<line number="17" hits="0" branch="false"/>
								<line number="18" hits="0" branch="false"/>
							</lines>
						</method>
						<method name="&lt;init&gt;" signature="(Ljava/lang/String;Ljava/lang/Throwable;)V" line-rate="0.0" branch-rate="1.0">
							<lines>
								<line number="13" hits="0" branch="false"/>
								<line number="14" hits="0" branch="false"/>
							</lines>
						</method>
						<method name="&lt;init&gt;" signature="(Ljava/lang/Throwable;)V" line-rate="0.0" branch-rate="1.0">
							<lines>
								<line number="21" hits="0" branch="false"/>
								<line number="22" hits="0" branch="false"/>
							</lines>
						</method>
					</methods>
					<lines>
						<line number="9" hits="0" branch="false"/>
						<line number="10" hits="0" branch="false"/>
						<line number="13" hits="0" branch="false"/>
						<line number="14" hits="0" branch="false"/>
						<line number="17" hits="0" branch="false"/>
						<line number="18" hits="0" branch="false"/>
						<line number="21" hits="0" branch="false"/>
						<line number="22" hits="0" branch="false"/>
						<line number="24" hits="0" branch="false"/>
						<line number="26" hits="0" branch="false"/>
					</lines>
				</class>
				<class name="com.lexicalscope.fluentreflection.InvocationTargetRuntimeException" filename="com/lexicalscope/fluentreflection/InvocationTargetRuntimeException.java" line-rate="0.0" branch-rate="1.0" complexity="1.0">
					<methods>
						<method name="&lt;init&gt;" signature="()V" line-rate="0.0" branch-rate="1.0">
							<lines>
								<line number="10" hits="0" branch="false"/>
								<line number="11" hits="0" branch="false"/>
							</lines>
						</method>
						<method name="&lt;init&gt;" signature="(Ljava/lang/String;)V" line-rate="0.0" branch-rate="1.0">
							<lines>
								<line number="18" hits="0" branch="false"/>
								<line number="19" hits="0" branch="false"/>
							</lines>
						</method>
						<method name="&lt;init&gt;" signature="(Ljava/lang/String;Ljava/lang/Throwable;)V" line-rate="0.0" branch-rate="1.0">
							<lines>
								<line number="14" hits="0" branch="false"/>
								<line number="15" hits="0" branch="false"/>
							</lines>
						</method>
						<method name="&lt;init&gt;" signature="(Ljava/lang/Throwable;)V" line-rate="0.0" branch-rate="1.0">
							<lines>
								<line number="22" hits="0" branch="false"/>
								<line number="23" hits="0" branch="false"/>
							</lines>
						</method>
						<method name="&lt;init&gt;" signature="(Ljava/lang/reflect/InvocationTargetException;Ljava/lang/reflect/Member;)V" line-rate="0.0" branch-rate="1.0">
							<lines>
								<line number="25" hits="0" branch="false"/>
								<line number="27" hits="0" branch="false"/>
							</lines>
						</method>
					</methods>
					<lines>
						<line number="10" hits="0" branch="false"/>
						<line number="11" hits="0" branch="false"/>
						<line number="14" hits="0" branch="false"/>
						<line number="15" hits="0" branch="false"/>
						<line number="18" hits="0" branch="false"/>
						<line number="19" hits="0" branch="false"/>
						<line number="22" hits="0" branch="false"/>
						<line number="23" hits="0" branch="false"/>
						<line number="25" hits="0" branch="false"/>
						<line number="27" hits="0" branch="false"/>
					</lines>
				</class>
				<class name="com.lexicalscope.fluentreflection.ListBuilder" filename="com/lexicalscope/fluentreflection/ListBuilder.java" line-rate="1.0" branch-rate="1.0" complexity="1.0">
					<methods>
						<method name="$" signature="()Ljava/util/List;" line-rate="1.0" branch-rate="1.0">
							<lines>
								<line number="21" hits="14" branch="false"/>
							</lines>
						</method>
						<method name="&lt;init&gt;" signature="()V" line-rate="1.0" branch-rate="1.0">
							<lines>
								<line number="6" hits="14" branch="false"/>
								<line number="13" hits="14" branch="false"/>
							</lines>
						</method>
						<method name="add" signature="(Ljava/lang/Object;)Lcom/lexicalscope/fluentreflection/ListBuilder;" line-rate="1.0" branch-rate="1.0">
							<lines>
								<line number="16" hits="23" branch="false"/>
								<line number="17" hits="23" branch="false"/>
							</lines>
						</method>
						<method name="list" signature="(Ljava/lang/Object;)Lcom/lexicalscope/fluentreflection/ListBuilder;" line-rate="1.0" branch-rate="1.0">
							<lines>
								<line number="8" hits="14" branch="false"/>
								<line number="9" hits="14" branch="false"/>
								<line number="10" hits="14" branch="false"/>
							</lines>
						</method>
					</methods>
					<lines>
						<line number="6" hits="14" branch="false"/>
						<line number="8" hits="14" branch="false"/>
						<line number="9" hits="14" branch="false"/>
						<line number="10" hits="14" branch="false"/>
						<line number="13" hits="14" branch="false"/>
						<line number="16" hits="23" branch="false"/>
						<line number="17" hits="23" branch="false"/>
						<line number="21" hits="14" branch="false"/>
					</lines>
				</class>
				<class name="com.lexicalscope.fluentreflection.MatcherAnd" filename="com/lexicalscope/fluentreflection/MatcherAnd.java" line-rate="1.0" branch-rate="1.0" complexity="2.25">
					<methods>
						<method name="&lt;init&gt;" signature="(Ljava/util/List;)V" line-rate="1.0" branch-rate="1.0">
							<lines>
								<line number="34" hits="9" branch="false"/>
								<line number="35" hits="9" branch="false"/>
								<line number="36" hits="9" branch="false"/>
							</lines>
						</method>
						<method name="andOf" signature="(Ljava/util/List;)Lcom/lexicalscope/fluentreflection/MatcherAnd;" line-rate="1.0" branch-rate="1.0">
							<lines>
								<line number="69" hits="9" branch="false"/>
							</lines>
						</method>
						<method name="describeTo" signature="(Lorg/hamcrest/Description;)V" line-rate="1.0" branch-rate="1.0">
							<lines>
								<line number="53" hits="5" branch="true" condition-coverage="100% (2/2)">
									<conditions>
										<condition number="0" type="jump" coverage="100%"/>
									</conditions>
								</line>
								<line number="54" hits="3" branch="false"/>
								<line number="55" hits="3" branch="true" condition-coverage="100% (2/2)">
									<conditions>
										<condition number="0" type="jump" coverage="100%"/>
									</conditions>
								</line>
								<line number="56" hits="1" branch="false"/>
								<line number="59" hits="2" branch="false"/>
							</lines>
						</method>
						<method name="matchesSafely" signature="(Ljava/lang/Object;)Z" line-rate="1.0" branch-rate="1.0">
							<lines>
								<line number="43" hits="14" branch="true" condition-coverage="100% (2/2)">
									<conditions>
										<condition number="0" type="jump" coverage="100%"/>
									</conditions>
								</line>
								<line number="44" hits="27" branch="true" condition-coverage="100% (2/2)">
									<conditions>
										<condition number="0" type="jump" coverage="100%"/>
									</conditions>
								</line>
								<line number="45" hits="9" branch="false"/>
								<line number="47" hits="18" branch="false"/>
								<line number="48" hits="5" branch="false"/>
							</lines>
						</method>
					</methods>
					<lines>
						<line number="34" hits="9" branch="false"/>
						<line number="35" hits="9" branch="false"/>
						<line number="36" hits="9" branch="false"/>
						<line number="43" hits="14" branch="true" condition-coverage="100% (2/2)">
							<conditions>
								<condition number="0" type="jump" coverage="100%"/>
							</conditions>
						</line>
						<line number="44" hits="27" branch="true" condition-coverage="100% (2/2)">
							<conditions>
								<condition number="0" type="jump" coverage="100%"/>
							</conditions>
						</line>
						<line number="45" hits="9" branch="false"/>
						<line number="47" hits="18" branch="false"/>
						<line number="48" hits="5" branch="false"/>
						<line number="53" hits="5" branch="true" condition-coverage="100% (2/2)">
							<conditions>
								<condition number="0" type="jump" coverage="100%"/>
							</conditions>
						</line>
						<line number="54" hits="3" branch="false"/>
						<line number="55" hits="3" branch="true" condition-coverage="100% (2/2)">
							<conditions>
								<condition number="0" type="jump" coverage="100%"/>
							</conditions>
						</line>
						<line number="56" hits="1" branch="false"/>
						<line number="59" hits="2" branch="false"/>
						<line number="69" hits="9" branch="false"/>
					</lines>
				</class>
				<class name="com.lexicalscope.fluentreflection.MatcherAnyReflectedType" filename="com/lexicalscope/fluentreflection/MatcherAnyReflectedType.java" line-rate="0.5" branch-rate="1.0" complexity="1.0">
					<methods>
						<method name="&lt;init&gt;" signature="()V" line-rate="1.0" branch-rate="1.0">
							<lines>
							</lines>
						</method>
						<method name="describeTo" signature="(Lorg/hamcrest/Description;)V" line-rate="0.0" branch-rate="1.0">
							<lines>
								<line number="16" hits="0" branch="false"/>
								<line number="17" hits="0" branch="false"/>
							</lines>
						</method>
						<method name="matchesSafely" signature="(Lcom/lexicalscope/fluentreflection/ReflectedType;)Z" line-rate="1.0" branch-rate="1.0">
							<lines>
								<line number="11" hits="4" branch="false"/>
							</lines>
						</method>
						<method name="matchesSafely" signature="(Ljava/lang/Object;)Z" line-rate="1.0" branch-rate="1.0">
							<lines>
								<line number="8" hits="8" branch="false"/>
							</lines>
						</method>
					</methods>
					<lines>
						<line number="8" hits="8" branch="false"/>
						<line number="11" hits="4" branch="false"/>
						<line number="16" hits="0" branch="false"/>
						<line number="17" hits="0" branch="false"/>
					</lines>
				</class>
				<class name="com.lexicalscope.fluentreflection.MatcherArgumentCount" filename="com/lexicalscope/fluentreflection/MatcherArgumentCount.java" line-rate="1.0" branch-rate="1.0" complexity="1.0">
					<methods>
						<method name="&lt;init&gt;" signature="(I)V" line-rate="1.0" branch-rate="1.0">
							<lines>
								<line number="8" hits="4" branch="false"/>
								<line number="9" hits="4" branch="false"/>
								<line number="10" hits="4" branch="false"/>
							</lines>
						</method>
						<method name="describeTo" signature="(Lorg/hamcrest/Description;)V" line-rate="1.0" branch-rate="1.0">
							<lines>
								<line number="19" hits="1" branch="false"/>
								<line number="20" hits="1" branch="false"/>
							</lines>
						</method>
						<method name="matchesSafely" signature="(Lcom/lexicalscope/fluentreflection/ReflectedCallable;)Z" line-rate="1.0" branch-rate="1.0">
							<lines>
								<line number="14" hits="4" branch="true" condition-coverage="100% (2/2)">
									<conditions>
										<condition number="0" type="jump" coverage="100%"/>
									</conditions>
								</line>
							</lines>
						</method>
						<method name="matchesSafely" signature="(Ljava/lang/Object;)Z" line-rate="1.0" branch-rate="1.0">
							<lines>
								<line number="5" hits="4" branch="false"/>
							</lines>
						</method>
					</methods>
					<lines>
						<line number="5" hits="4" branch="false"/>
						<line number="8" hits="4" branch="false"/>
						<line number="9" hits="4" branch="false"/>
						<line number="10" hits="4" branch="false"/>
						<line number="14" hits="4" branch="true" condition-coverage="100% (2/2)">
							<conditions>
								<condition number="0" type="jump" coverage="100%"/>
							</conditions>
						</line>
						<line number="19" hits="1" branch="false"/>
						<line number="20" hits="1" branch="false"/>
					</lines>
				</class>
				<class name="com.lexicalscope.fluentreflection.MatcherArgumentTypes" filename="com/lexicalscope/fluentreflection/MatcherArgumentTypes.java" line-rate="0.8181818181818182" branch-rate="0.8333333333333334" complexity="2.6666666666666665">
					<methods>
						<method name="&lt;init&gt;" signature="(Ljava/util/List;)V" line-rate="1.0" branch-rate="1.0">
							<lines>
								<line number="14" hits="8" branch="false"/>
								<line number="15" hits="8" branch="false"/>
								<line number="16" hits="8" branch="false"/>
							</lines>
						</method>
						<method name="describeTo" signature="(Lorg/hamcrest/Description;)V" line-rate="0.0" branch-rate="1.0">
							<lines>
								<line number="31" hits="0" branch="false"/>
								<line number="32" hits="0" branch="false"/>
							</lines>
						</method>
						<method name="matchesSafely" signature="(Lcom/lexicalscope/fluentreflection/ReflectedCallable;)Z" line-rate="1.0" branch-rate="0.8333333333333334">
							<lines>
								<line number="20" hits="11" branch="true" condition-coverage="100% (2/2)">
									<conditions>
										<condition number="0" type="jump" coverage="100%"/>
									</conditions>
								</line>
								<line number="21" hits="3" branch="false"/>
								<line number="22" hits="8" branch="true" condition-coverage="75% (3/4)">
									<conditions>
										<condition number="0" type="jump" coverage="100%"/>
										<condition number="1" type="jump" coverage="50%"/>
									</conditions>
								</line>
								<line number="23" hits="1" branch="false"/>
								<line number="26" hits="7" branch="false"/>
							</lines>
						</method>
						<method name="matchesSafely" signature="(Ljava/lang/Object;)Z" line-rate="1.0" branch-rate="1.0">
							<lines>
								<line number="11" hits="11" branch="false"/>
							</lines>
						</method>
					</methods>
					<lines>
						<line number="11" hits="11" branch="false"/>
						<line number="14" hits="8" branch="false"/>
						<line number="15" hits="8" branch="false"/>
						<line number="16" hits="8" branch="false"/>
						<line number="20" hits="11" branch="true" condition-coverage="100% (2/2)">
							<conditions>
								<condition number="0" type="jump" coverage="100%"/>
							</conditions>
						</line>
						<line number="21" hits="3" branch="false"/>
						<line number="22" hits="8" branch="true" condition-coverage="75% (3/4)">
							<conditions>
								<condition number="0" type="jump" coverage="100%"/>
								<condition number="1" type="jump" coverage="50%"/>
							</conditions>
						</line>
						<line number="23" hits="1" branch="false"/>
						<line number="26" hits="7" branch="false"/>
						<line number="31" hits="0" branch="false"/>
						<line number="32" hits="0" branch="false"/>
					</lines>
				</class>
				<class name="com.lexicalscope.fluentreflection.MatcherCallableDeclaredBy" filename="com/lexicalscope/fluentreflection/MatcherCallableDeclaredBy.java" line-rate="1.0" branch-rate="1.0" complexity="1.0">
					<methods>
						<method name="&lt;init&gt;" signature="(Ljava/lang/Class;)V" line-rate="1.0" branch-rate="1.0">
							<lines>
								<line number="11" hits="5" branch="false"/>
								<line number="12" hits="5" branch="false"/>
								<line number="13" hits="5" branch="false"/>
							</lines>
						</method>
						<method name="describeTo" signature="(Lorg/hamcrest/Description;)V" line-rate="1.0" branch-rate="1.0">
							<lines>
								<line number="22" hits="1" branch="false"/>
								<line number="23" hits="1" branch="false"/>
							</lines>
						</method>
						<method name="matchesSafely" signature="(Lcom/lexicalscope/fluentreflection/ReflectedCallable;)Z" line-rate="1.0" branch-rate="1.0">
							<lines>
								<line number="17" hits="14" branch="false"/>
							</lines>
						</method>
						<method name="matchesSafely" signature="(Ljava/lang/Object;)Z" line-rate="1.0" branch-rate="1.0">
							<lines>
								<line number="8" hits="14" branch="false"/>
							</lines>
						</method>
					</methods>
					<lines>
						<line number="8" hits="14" branch="false"/>
						<line number="11" hits="5" branch="false"/>
						<line number="12" hits="5" branch="false"/>
						<line number="13" hits="5" branch="false"/>
						<line number="17" hits="14" branch="false"/>
						<line number="22" hits="1" branch="false"/>
						<line number="23" hits="1" branch="false"/>
					</lines>
				</class>
				<class name="com.lexicalscope.fluentreflection.MatcherCallableHasNameContaining" filename="com/lexicalscope/fluentreflection/MatcherCallableHasNameContaining.java" line-rate="1.0" branch-rate="1.0" complexity="1.0">
					<methods>
						<method name="&lt;init&gt;" signature="(Ljava/lang/CharSequence;)V" line-rate="1.0" branch-rate="1.0">
							<lines>
								<line number="11" hits="10" branch="false"/>
								<line number="12" hits="10" branch="false"/>
								<line number="13" hits="10" branch="false"/>
							</lines>
						</method>
						<method name="describeTo" signature="(Lorg/hamcrest/Description;)V" line-rate="1.0" branch-rate="1.0">
							<lines>
								<line number="22" hits="1" branch="false"/>
								<line number="23" hits="1" branch="false"/>
							</lines>
						</method>
						<method name="matchesSafely" signature="(Lcom/lexicalscope/fluentreflection/ReflectedCallable;)Z" line-rate="1.0" branch-rate="1.0">
							<lines>
								<line number="17" hits="37" branch="false"/>
							</lines>
						</method>
						<method name="matchesSafely" signature="(Ljava/lang/Object;)Z" line-rate="1.0" branch-rate="1.0">
							<lines>
								<line number="8" hits="37" branch="false"/>
							</lines>
						</method>
					</methods>
					<lines>
						<line number="8" hits="37" branch="false"/>
						<line number="11" hits="10" branch="false"/>
						<line number="12" hits="10" branch="false"/>
						<line number="13" hits="10" branch="false"/>
						<line number="17" hits="37" branch="false"/>
						<line number="22" hits="1" branch="false"/>
						<line number="23" hits="1" branch="false"/>
					</lines>
				</class>
				<class name="com.lexicalscope.fluentreflection.MatcherCallableHasNameEndingWith" filename="com/lexicalscope/fluentreflection/MatcherCallableHasNameEndingWith.java" line-rate="1.0" branch-rate="1.0" complexity="1.0">
					<methods>
						<method name="&lt;init&gt;" signature="(Ljava/lang/String;)V" line-rate="1.0" branch-rate="1.0">
							<lines>
								<line number="11" hits="4" branch="false"/>
								<line number="12" hits="4" branch="false"/>
								<line number="13" hits="4" branch="false"/>
							</lines>
						</method>
						<method name="describeTo" signature="(Lorg/hamcrest/Description;)V" line-rate="1.0" branch-rate="1.0">
							<lines>
								<line number="22" hits="1" branch="false"/>
								<line number="23" hits="1" branch="false"/>
							</lines>
						</method>
						<method name="matchesSafely" signature="(Lcom/lexicalscope/fluentreflection/ReflectedCallable;)Z" line-rate="1.0" branch-rate="1.0">
							<lines>
								<line number="17" hits="4" branch="false"/>
							</lines>
						</method>
						<method name="matchesSafely" signature="(Ljava/lang/Object;)Z" line-rate="1.0" branch-rate="1.0">
							<lines>
								<line number="8" hits="4" branch="false"/>
							</lines>
						</method>
					</methods>
					<lines>
						<line number="8" hits="4" branch="false"/>
						<line number="11" hits="4" branch="false"/>
						<line number="12" hits="4" branch="false"/>
						<line number="13" hits="4" branch="false"/>
						<line number="17" hits="4" branch="false"/>
						<line number="22" hits="1" branch="false"/>
						<line number="23" hits="1" branch="false"/>
					</lines>
				</class>
				<class name="com.lexicalscope.fluentreflection.MatcherCallableHasNameMatching" filename="com/lexicalscope/fluentreflection/MatcherCallableHasNameMatching.java" line-rate="1.0" branch-rate="1.0" complexity="1.0">
					<methods>
						<method name="&lt;init&gt;" signature="(Ljava/lang/String;)V" line-rate="1.0" branch-rate="1.0">
							<lines>
								<line number="14" hits="4" branch="false"/>
								<line number="15" hits="4" branch="false"/>
								<line number="16" hits="4" branch="false"/>
								<line number="17" hits="4" branch="false"/>
							</lines>
						</method>
						<method name="describeTo" signature="(Lorg/hamcrest/Description;)V" line-rate="1.0" branch-rate="1.0">
							<lines>
								<line number="26" hits="1" branch="false"/>
								<line number="27" hits="1" branch="false"/>
							</lines>
						</method>
						<method name="matchesSafely" signature="(Lcom/lexicalscope/fluentreflection/ReflectedCallable;)Z" line-rate="1.0" branch-rate="1.0">
							<lines>
								<line number="21" hits="4" branch="false"/>
							</lines>
						</method>
						<method name="matchesSafely" signature="(Ljava/lang/Object;)Z" line-rate="1.0" branch-rate="1.0">
							<lines>
								<line number="10" hits="4" branch="false"/>
							</lines>
						</method>
					</methods>
					<lines>
						<line number="10" hits="4" branch="false"/>
						<line number="14" hits="4" branch="false"/>
						<line number="15" hits="4" branch="false"/>
						<line number="16" hits="4" branch="false"/>
						<line number="17" hits="4" branch="false"/>
						<line number="21" hits="4" branch="false"/>
						<line number="26" hits="1" branch="false"/>
						<line number="27" hits="1" branch="false"/>
					</lines>
				</class>
				<class name="com.lexicalscope.fluentreflection.MatcherCallableHasNameStartingWith" filename="com/lexicalscope/fluentreflection/MatcherCallableHasNameStartingWith.java" line-rate="1.0" branch-rate="1.0" complexity="1.0">
					<methods>
						<method name="&lt;init&gt;" signature="(Ljava/lang/String;)V" line-rate="1.0" branch-rate="1.0">
							<lines>
								<line number="11" hits="4" branch="false"/>
								<line number="12" hits="4" branch="false"/>
								<line number="13" hits="4" branch="false"/>
							</lines>
						</method>
						<method name="describeTo" signature="(Lorg/hamcrest/Description;)V" line-rate="1.0" branch-rate="1.0">
							<lines>
								<line number="22" hits="1" branch="false"/>
								<line number="23" hits="1" branch="false"/>
							</lines>
						</method>
						<method name="matchesSafely" signature="(Lcom/lexicalscope/fluentreflection/ReflectedCallable;)Z" line-rate="1.0" branch-rate="1.0">
							<lines>
								<line number="17" hits="4" branch="false"/>
							</lines>
						</method>
						<method name="matchesSafely" signature="(Ljava/lang/Object;)Z" line-rate="1.0" branch-rate="1.0">
							<lines>
								<line number="8" hits="4" branch="false"/>
							</lines>
						</method>
					</methods>
					<lines>
						<line number="8" hits="4" branch="false"/>
						<line number="11" hits="4" branch="false"/>
						<line number="12" hits="4" branch="false"/>
						<line number="13" hits="4" branch="false"/>
						<line number="17" hits="4" branch="false"/>
						<line number="22" hits="1" branch="false"/>
						<line number="23" hits="1" branch="false"/>
					</lines>
				</class>
				<class name="com.lexicalscope.fluentreflection.MatcherCallableNamed" filename="com/lexicalscope/fluentreflection/MatcherCallableNamed.java" line-rate="1.0" branch-rate="1.0" complexity="1.0">
					<methods>
						<method name="&lt;init&gt;" signature="(Ljava/lang/String;)V" line-rate="1.0" branch-rate="1.0">
							<lines>
								<line number="11" hits="23" branch="false"/>
								<line number="12" hits="23" branch="false"/>
								<line number="13" hits="23" branch="false"/>
							</lines>
						</method>
						<method name="describeTo" signature="(Lorg/hamcrest/Description;)V" line-rate="1.0" branch-rate="1.0">
							<lines>
								<line number="22" hits="1" branch="false"/>
								<line number="23" hits="1" branch="false"/>
							</lines>
						</method>
						<method name="matchesSafely" signature="(Lcom/lexicalscope/fluentreflection/ReflectedCallable;)Z" line-rate="1.0" branch-rate="1.0">
							<lines>
								<line number="17" hits="32" branch="false"/>
							</lines>
						</method>
						<method name="matchesSafely" signature="(Ljava/lang/Object;)Z" line-rate="1.0" branch-rate="1.0">
							<lines>
								<line number="8" hits="32" branch="false"/>
							</lines>
						</method>
					</methods>
					<lines>
						<line number="8" hits="32" branch="false"/>
						<line number="11" hits="23" branch="false"/>
						<line number="12" hits="23" branch="false"/>
						<line number="13" hits="23" branch="false"/>
						<line number="17" hits="32" branch="false"/>
						<line number="22" hits="1" branch="false"/>
						<line number="23" hits="1" branch="false"/>
					</lines>
				</class>
				<class name="com.lexicalscope.fluentreflection.MatcherCallableWithArguments" filename="com/lexicalscope/fluentreflection/MatcherCallableWithArguments.java" line-rate="1.0" branch-rate="0.875" complexity="2.6666666666666665">
					<methods>
						<method name="&lt;init&gt;" signature="([Ljava/lang/Class;)V" line-rate="1.0" branch-rate="1.0">
							<lines>
								<line number="16" hits="5" branch="false"/>
								<line number="17" hits="5" branch="false"/>
								<line number="18" hits="5" branch="false"/>
							</lines>
						</method>
						<method name="describeTo" signature="(Lorg/hamcrest/Description;)V" line-rate="1.0" branch-rate="1.0">
							<lines>
								<line number="37" hits="1" branch="false"/>
								<line number="38" hits="1" branch="false"/>
							</lines>
						</method>
						<method name="matchesSafely" signature="(Lcom/lexicalscope/fluentreflection/ReflectedCallable;)Z" line-rate="1.0" branch-rate="0.875">
							<lines>
								<line number="22" hits="6" branch="false"/>
								<line number="25" hits="6" branch="true" condition-coverage="75% (3/4)">
									<conditions>
										<condition number="0" type="jump" coverage="50%"/>
										<condition number="1" type="jump" coverage="100%"/>
									</conditions>
								</line>
								<line number="26" hits="2" branch="true" condition-coverage="100% (2/2)">
									<conditions>
										<condition number="0" type="jump" coverage="100%"/>
									</conditions>
								</line>
								<line number="28" hits="4" branch="true" condition-coverage="100% (2/2)">
									<conditions>
										<condition number="0" type="jump" coverage="100%"/>
									</conditions>
								</line>
								<line number="29" hits="2" branch="false"/>
								<line number="31" hits="2" branch="false"/>
							</lines>
						</method>
						<method name="matchesSafely" signature="(Ljava/lang/Object;)Z" line-rate="1.0" branch-rate="1.0">
							<lines>
								<line number="13" hits="6" branch="false"/>
							</lines>
						</method>
					</methods>
					<lines>
						<line number="13" hits="6" branch="false"/>
						<line number="16" hits="5" branch="false"/>
						<line number="17" hits="5" branch="false"/>
						<line number="18" hits="5" branch="false"/>
						<line number="22" hits="6" branch="false"/>
						<line number="25" hits="6" branch="true" condition-coverage="75% (3/4)">
							<conditions>
								<condition number="0" type="jump" coverage="50%"/>
								<condition number="1" type="jump" coverage="100%"/>
							</conditions>
						</line>
						<line number="26" hits="2" branch="true" condition-coverage="100% (2/2)">
							<conditions>
								<condition number="0" type="jump" coverage="100%"/>
							</conditions>
						</line>
						<line number="28" hits="4" branch="true" condition-coverage="100% (2/2)">
							<conditions>
								<condition number="0" type="jump" coverage="100%"/>
							</conditions>
						</line>
						<line number="29" hits="2" branch="false"/>
						<line number="31" hits="2" branch="false"/>
						<line number="37" hits="1" branch="false"/>
						<line number="38" hits="1" branch="false"/>
					</lines>
				</class>
				<class name="com.lexicalscope.fluentreflection.MatcherConstructorReflectingOn" filename="com/lexicalscope/fluentreflection/MatcherConstructorReflectingOn.java" line-rate="0.7142857142857143" branch-rate="1.0" complexity="1.0">
					<methods>
						<method name="&lt;init&gt;" signature="(Ljava/lang/reflect/Constructor;)V" line-rate="1.0" branch-rate="1.0">
							<lines>
								<line number="10" hits="1" branch="false"/>
								<line number="11" hits="1" branch="false"/>
								<line number="12" hits="1" branch="false"/>
							</lines>
						</method>
						<method name="describeTo" signature="(Lorg/hamcrest/Description;)V" line-rate="0.0" branch-rate="1.0">
							<lines>
								<line number="21" hits="0" branch="false"/>
								<line number="22" hits="0" branch="false"/>
							</lines>
						</method>
						<method name="matchesSafely" signature="(Lcom/lexicalscope/fluentreflection/ReflectedConstructor;)Z" line-rate="1.0" branch-rate="1.0">
							<lines>
								<line number="16" hits="1" branch="false"/>
							</lines>
						</method>
						<method name="matchesSafely" signature="(Ljava/lang/Object;)Z" line-rate="1.0" branch-rate="1.0">
							<lines>
								<line number="7" hits="1" branch="false"/>
							</lines>
						</method>
					</methods>
					<lines>
						<line number="7" hits="1" branch="false"/>
						<line number="10" hits="1" branch="false"/>
						<line number="11" hits="1" branch="false"/>
						<line number="12" hits="1" branch="false"/>
						<line number="16" hits="1" branch="false"/>
						<line number="21" hits="0" branch="false"/>
						<line number="22" hits="0" branch="false"/>
					</lines>
				</class>
				<class name="com.lexicalscope.fluentreflection.MatcherMethodIsStatic" filename="com/lexicalscope/fluentreflection/MatcherMethodIsStatic.java" line-rate="0.6666666666666666" branch-rate="1.0" complexity="1.0">
					<methods>
						<method name="&lt;init&gt;" signature="()V" line-rate="1.0" branch-rate="1.0">
							<lines>
							</lines>
						</method>
						<method name="describeTo" signature="(Lorg/hamcrest/Description;)V" line-rate="0.0" branch-rate="1.0">
							<lines>
								<line number="15" hits="0" branch="false"/>
							</lines>
						</method>
						<method name="matchesSafely" signature="(Lcom/lexicalscope/fluentreflection/ReflectedMethod;)Z" line-rate="1.0" branch-rate="1.0">
							<lines>
								<line number="8" hits="11" branch="false"/>
							</lines>
						</method>
						<method name="matchesSafely" signature="(Ljava/lang/Object;)Z" line-rate="1.0" branch-rate="1.0">
							<lines>
								<line number="5" hits="15" branch="false"/>
							</lines>
						</method>
					</methods>
					<lines>
						<line number="5" hits="15" branch="false"/>
						<line number="8" hits="11" branch="false"/>
						<line number="15" hits="0" branch="false"/>
					</lines>
				</class>
				<class name="com.lexicalscope.fluentreflection.MatcherOr" filename="com/lexicalscope/fluentreflection/MatcherOr.java" line-rate="1.0" branch-rate="1.0" complexity="2.25">
					<methods>
						<method name="&lt;init&gt;" signature="(Ljava/util/List;)V" line-rate="1.0" branch-rate="1.0">
							<lines>
								<line number="35" hits="6" branch="false"/>
								<line number="36" hits="6" branch="false"/>
								<line number="37" hits="6" branch="false"/>
							</lines>
						</method>
						<method name="describeTo" signature="(Lorg/hamcrest/Description;)V" line-rate="1.0" branch-rate="1.0">
							<lines>
								<line number="54" hits="5" branch="true" condition-coverage="100% (2/2)">
									<conditions>
										<condition number="0" type="jump" coverage="100%"/>
									</conditions>
								</line>
								<line number="55" hits="3" branch="false"/>
								<line number="56" hits="3" branch="true" condition-coverage="100% (2/2)">
									<conditions>
										<condition number="0" type="jump" coverage="100%"/>
									</conditions>
								</line>
								<line number="57" hits="1" branch="false"/>
								<line number="60" hits="2" branch="false"/>
							</lines>
						</method>
						<method name="matchesSafely" signature="(Ljava/lang/Object;)Z" line-rate="1.0" branch-rate="1.0">
							<lines>
								<line number="44" hits="4" branch="true" condition-coverage="100% (2/2)">
									<conditions>
										<condition number="0" type="jump" coverage="100%"/>
									</conditions>
								</line>
								<line number="45" hits="6" branch="true" condition-coverage="100% (2/2)">
									<conditions>
										<condition number="0" type="jump" coverage="100%"/>
									</conditions>
								</line>
								<line number="46" hits="3" branch="false"/>
								<line number="48" hits="3" branch="false"/>
								<line number="49" hits="1" branch="false"/>
							</lines>
						</method>
						<method name="orOf" signature="(Ljava/util/List;)Lcom/lexicalscope/fluentreflection/MatcherOr;" line-rate="1.0" branch-rate="1.0">
							<lines>
								<line number="72" hits="6" branch="false"/>
							</lines>
						</method>
					</methods>
					<lines>
						<line number="35" hits="6" branch="false"/>
						<line number="36" hits="6" branch="false"/>
						<line number="37" hits="6" branch="false"/>
						<line number="44" hits="4" branch="true" condition-coverage="100% (2/2)">
							<conditions>
								<condition number="0" type="jump" coverage="100%"/>
							</conditions>
						</line>
						<line number="45" hits="6" branch="true" condition-coverage="100% (2/2)">
							<conditions>
								<condition number="0" type="jump" coverage="100%"/>
							</conditions>
						</line>
						<line number="46" hits="3" branch="false"/>
						<line number="48" hits="3" branch="false"/>
						<line number="49" hits="1" branch="false"/>
						<line number="54" hits="5" branch="true" condition-coverage="100% (2/2)">
							<conditions>
								<condition number="0" type="jump" coverage="100%"/>
							</conditions>
						</line>
						<line number="55" hits="3" branch="false"/>
						<line number="56" hits="3" branch="true" condition-coverage="100% (2/2)">
							<conditions>
								<condition number="0" type="jump" coverage="100%"/>
							</conditions>
						</line>
						<line number="57" hits="1" branch="false"/>
						<line number="60" hits="2" branch="false"/>
						<line number="72" hits="6" branch="false"/>
					</lines>
				</class>
				<class name="com.lexicalscope.fluentreflection.MatcherReflectedTypeReflectingOn" filename="com/lexicalscope/fluentreflection/MatcherReflectedTypeReflectingOn.java" line-rate="1.0" branch-rate="1.0" complexity="1.0">
					<methods>
						<method name="&lt;init&gt;" signature="(Ljava/lang/Class;)V" line-rate="1.0" branch-rate="1.0">
							<lines>
								<line number="12" hits="8" branch="false"/>
								<line number="13" hits="8" branch="false"/>
								<line number="14" hits="8" branch="false"/>
							</lines>
						</method>
						<method name="describeTo" signature="(Lorg/hamcrest/Description;)V" line-rate="1.0" branch-rate="1.0">
							<lines>
								<line number="23" hits="1" branch="false"/>
								<line number="24" hits="1" branch="false"/>
							</lines>
						</method>
						<method name="matchesSafely" signature="(Lcom/lexicalscope/fluentreflection/ReflectedType;)Z" line-rate="1.0" branch-rate="1.0">
							<lines>
								<line number="18" hits="7" branch="false"/>
							</lines>
						</method>
						<method name="matchesSafely" signature="(Ljava/lang/Object;)Z" line-rate="1.0" branch-rate="1.0">
							<lines>
								<line number="9" hits="7" branch="false"/>
							</lines>
						</method>
					</methods>
					<lines>
						<line number="9" hits="7" branch="false"/>
						<line number="12" hits="8" branch="false"/>
						<line number="13" hits="8" branch="false"/>
						<line number="14" hits="8" branch="false"/>
						<line number="18" hits="7" branch="false"/>
						<line number="23" hits="1" branch="false"/>
						<line number="24" hits="1" branch="false"/>
					</lines>
				</class>
				<class name="com.lexicalscope.fluentreflection.MatcherReflectedTypeReflectingOnAssignableFrom" filename="com/lexicalscope/fluentreflection/MatcherReflectedTypeReflectingOnAssignableFrom.java" line-rate="0.7142857142857143" branch-rate="1.0" complexity="1.0">
					<methods>
						<method name="&lt;init&gt;" signature="(Ljava/lang/Class;)V" line-rate="1.0" branch-rate="1.0">
							<lines>
								<line number="11" hits="7" branch="false"/>
								<line number="12" hits="7" branch="false"/>
								<line number="13" hits="7" branch="false"/>
							</lines>
						</method>
						<method name="describeTo" signature="(Lorg/hamcrest/Description;)V" line-rate="0.0" branch-rate="1.0">
							<lines>
								<line number="22" hits="0" branch="false"/>
								<line number="23" hits="0" branch="false"/>
							</lines>
						</method>
						<method name="matchesSafely" signature="(Lcom/lexicalscope/fluentreflection/ReflectedType;)Z" line-rate="1.0" branch-rate="1.0">
							<lines>
								<line number="17" hits="7" branch="false"/>
							</lines>
						</method>
						<method name="matchesSafely" signature="(Ljava/lang/Object;)Z" line-rate="1.0" branch-rate="1.0">
							<lines>
								<line number="8" hits="7" branch="false"/>
							</lines>
						</method>
					</methods>
					<lines>
						<line number="8" hits="7" branch="false"/>
						<line number="11" hits="7" branch="false"/>
						<line number="12" hits="7" branch="false"/>
						<line number="13" hits="7" branch="false"/>
						<line number="17" hits="7" branch="false"/>
						<line number="22" hits="0" branch="false"/>
						<line number="23" hits="0" branch="false"/>
					</lines>
				</class>
				<class name="com.lexicalscope.fluentreflection.MatcherTypeHasInterface" filename="com/lexicalscope/fluentreflection/MatcherTypeHasInterface.java" line-rate="1.0" branch-rate="1.0" complexity="1.0">
					<methods>
						<method name="&lt;init&gt;" signature="(Ljava/lang/Class;)V" line-rate="1.0" branch-rate="1.0">
							<lines>
								<line number="15" hits="4" branch="false"/>
								<line number="16" hits="4" branch="false"/>
								<line number="17" hits="4" branch="false"/>
							</lines>
						</method>
						<method name="describeTo" signature="(Lorg/hamcrest/Description;)V" line-rate="1.0" branch-rate="1.0">
							<lines>
								<line number="28" hits="1" branch="false"/>
								<line number="29" hits="1" branch="false"/>
							</lines>
						</method>
						<method name="matchesSafely" signature="(Lcom/lexicalscope/fluentreflection/ReflectedType;)Z" line-rate="1.0" branch-rate="1.0">
							<lines>
								<line number="21" hits="3" branch="true" condition-coverage="100% (2/2)">
									<conditions>
										<condition number="0" type="jump" coverage="100%"/>
									</conditions>
								</line>
							</lines>
						</method>
						<method name="matchesSafely" signature="(Ljava/lang/Object;)Z" line-rate="1.0" branch-rate="1.0">
							<lines>
								<line number="12" hits="3" branch="false"/>
							</lines>
						</method>
					</methods>
					<lines>
						<line number="12" hits="3" branch="false"/>
						<line number="15" hits="4" branch="false"/>
						<line number="16" hits="4" branch="false"/>
						<line number="17" hits="4" branch="false"/>
						<line number="21" hits="3" branch="true" condition-coverage="100% (2/2)">
							<conditions>
								<condition number="0" type="jump" coverage="100%"/>
							</conditions>
						</line>
						<line number="28" hits="1" branch="false"/>
						<line number="29" hits="1" branch="false"/>
					</lines>
				</class>
				<class name="com.lexicalscope.fluentreflection.MatcherTypeHasNoInterfaces" filename="com/lexicalscope/fluentreflection/MatcherTypeHasNoInterfaces.java" line-rate="1.0" branch-rate="1.0" complexity="1.0">
					<methods>
						<method name="&lt;init&gt;" signature="()V" line-rate="1.0" branch-rate="1.0">
							<lines>
							</lines>
						</method>
						<method name="describeTo" signature="(Lorg/hamcrest/Description;)V" line-rate="1.0" branch-rate="1.0">
							<lines>
								<line number="17" hits="1" branch="false"/>
								<line number="18" hits="1" branch="false"/>
							</lines>
						</method>
						<method name="matchesSafely" signature="(Lcom/lexicalscope/fluentreflection/ReflectedType;)Z" line-rate="1.0" branch-rate="1.0">
							<lines>
								<line number="12" hits="5" branch="false"/>
							</lines>
						</method>
						<method name="matchesSafely" signature="(Ljava/lang/Object;)Z" line-rate="1.0" branch-rate="1.0">
							<lines>
								<line number="9" hits="11" branch="false"/>
							</lines>
						</method>
					</methods>
					<lines>
						<line number="9" hits="11" branch="false"/>
						<line number="12" hits="5" branch="false"/>
						<line number="17" hits="1" branch="false"/>
						<line number="18" hits="1" branch="false"/>
					</lines>
				</class>
				<class name="com.lexicalscope.fluentreflection.MatcherTypeHasNoSuperclasses" filename="com/lexicalscope/fluentreflection/MatcherTypeHasNoSuperclasses.java" line-rate="1.0" branch-rate="1.0" complexity="1.0">
					<methods>
						<method name="&lt;init&gt;" signature="()V" line-rate="1.0" branch-rate="1.0">
							<lines>
							</lines>
						</method>
						<method name="describeTo" signature="(Lorg/hamcrest/Description;)V" line-rate="1.0" branch-rate="1.0">
							<lines>
								<line number="17" hits="1" branch="false"/>
								<line number="18" hits="1" branch="false"/>
							</lines>
						</method>
						<method name="matchesSafely" signature="(Lcom/lexicalscope/fluentreflection/ReflectedType;)Z" line-rate="1.0" branch-rate="1.0">
							<lines>
								<line number="12" hits="2" branch="false"/>
							</lines>
						</method>
						<method name="matchesSafely" signature="(Ljava/lang/Object;)Z" line-rate="1.0" branch-rate="1.0">
							<lines>
								<line number="9" hits="5" branch="false"/>
							</lines>
						</method>
					</methods>
					<lines>
						<line number="9" hits="5" branch="false"/>
						<line number="12" hits="2" branch="false"/>
						<line number="17" hits="1" branch="false"/>
						<line number="18" hits="1" branch="false"/>
					</lines>
				</class>
				<class name="com.lexicalscope.fluentreflection.MatcherTypeIsInterface" filename="com/lexicalscope/fluentreflection/MatcherTypeIsInterface.java" line-rate="1.0" branch-rate="1.0" complexity="1.0">
					<methods>
						<method name="&lt;init&gt;" signature="()V" line-rate="1.0" branch-rate="1.0">
							<lines>
							</lines>
						</method>
						<method name="describeTo" signature="(Lorg/hamcrest/Description;)V" line-rate="1.0" branch-rate="1.0">
							<lines>
								<line number="17" hits="1" branch="false"/>
								<line number="18" hits="1" branch="false"/>
							</lines>
						</method>
						<method name="matchesSafely" signature="(Lcom/lexicalscope/fluentreflection/ReflectedType;)Z" line-rate="1.0" branch-rate="1.0">
							<lines>
								<line number="12" hits="8" branch="false"/>
							</lines>
						</method>
						<method name="matchesSafely" signature="(Ljava/lang/Object;)Z" line-rate="1.0" branch-rate="1.0">
							<lines>
								<line number="9" hits="16" branch="false"/>
							</lines>
						</method>
					</methods>
					<lines>
						<line number="9" hits="16" branch="false"/>
						<line number="12" hits="8" branch="false"/>
						<line number="17" hits="1" branch="false"/>
						<line number="18" hits="1" branch="false"/>
					</lines>
				</class>
				<class name="com.lexicalscope.fluentreflection.Reflect" filename="com/lexicalscope/fluentreflection/Reflect.java" line-rate="0.5" branch-rate="1.0" complexity="1.0">
					<methods>
						<method name="&lt;init&gt;" signature="()V" line-rate="0.0" branch-rate="1.0">
							<lines>
								<line number="22" hits="0" branch="false"/>
							</lines>
						</method>
						<method name="type" signature="(Ljava/lang/Class;)Lcom/lexicalscope/fluentreflection/ReflectedType;" line-rate="1.0" branch-rate="1.0">
							<lines>
								<line number="24" hits="36" branch="false"/>
							</lines>
						</method>
					</methods>
					<lines>
						<line number="22" hits="0" branch="false"/>
						<line number="24" hits="36" branch="false"/>
					</lines>
				</class>
				<class name="com.lexicalscope.fluentreflection.ReflectedCallable" filename="com/lexicalscope/fluentreflection/ReflectedCallable.java" line-rate="1.0" branch-rate="1.0" complexity="1.0">
					<methods>
					</methods>
					<lines>
					</lines>
				</class>
				<class name="com.lexicalscope.fluentreflection.ReflectedConstructor" filename="com/lexicalscope/fluentreflection/ReflectedConstructor.java" line-rate="1.0" branch-rate="1.0" complexity="1.0">
					<methods>
					</methods>
					<lines>
					</lines>
				</class>
				<class name="com.lexicalscope.fluentreflection.ReflectedConstructorImpl" filename="com/lexicalscope/fluentreflection/ReflectedConstructorImpl.java" line-rate="0.4666666666666667" branch-rate="1.0" complexity="2.0">
					<methods>
						<method name="&lt;init&gt;" signature="(Ljava/lang/reflect/Constructor;)V" line-rate="1.0" branch-rate="1.0">
							<lines>
								<line number="13" hits="16" branch="false"/>
								<line number="14" hits="16" branch="false"/>
								<line number="15" hits="16" branch="false"/>
							</lines>
						</method>
						<method name="argumentCount" signature="()I" line-rate="1.0" branch-rate="1.0">
							<lines>
								<line number="19" hits="21" branch="false"/>
							</lines>
						</method>
						<method name="argumentTypes" signature="()Ljava/util/List;" line-rate="1.0" branch-rate="1.0">
							<lines>
								<line number="24" hits="7" branch="false"/>
							</lines>
						</method>
						<method name="call" signature="([Ljava/lang/Object;)Ljava/lang/Object;" line-rate="0.14285714285714285" branch-rate="1.0">
							<lines>
								<line number="35" hits="7" branch="false"/>
								<line number="36" hits="0" branch="false"/>
								<line number="37" hits="0" branch="false"/>
								<line number="38" hits="0" branch="false"/>
								<line number="39" hits="0" branch="false"/>
								<line number="40" hits="0" branch="false"/>
								<line number="41" hits="0" branch="false"/>
							</lines>
						</method>
						<method name="constructorUnderReflection" signature="()Ljava/lang/reflect/Constructor;" line-rate="1.0" branch-rate="1.0">
							<lines>
								<line number="29" hits="1" branch="false"/>
							</lines>
						</method>
						<method name="getDeclaringClass" signature="()Lcom/lexicalscope/fluentreflection/ReflectedType;" line-rate="0.0" branch-rate="1.0">
							<lines>
								<line number="47" hits="0" branch="false"/>
							</lines>
						</method>
						<method name="getName" signature="()Ljava/lang/String;" line-rate="0.0" branch-rate="1.0">
							<lines>
								<line number="52" hits="0" branch="false"/>
							</lines>
						</method>
					</methods>
					<lines>
						<line number="13" hits="16" branch="false"/>
						<line number="14" hits="16" branch="false"/>
						<line number="15" hits="16" branch="false"/>
						<line number="19" hits="21" branch="false"/>
						<line number="24" hits="7" branch="false"/>
						<line number="29" hits="1" branch="false"/>
						<line number="35" hits="7" branch="false"/>
						<line number="36" hits="0" branch="false"/>
						<line number="37" hits="0" branch="false"/>
						<line number="38" hits="0" branch="false"/>
						<line number="39" hits="0" branch="false"/>
						<line number="40" hits="0" branch="false"/>
						<line number="41" hits="0" branch="false"/>
						<line number="47" hits="0" branch="false"/>
						<line number="52" hits="0" branch="false"/>
					</lines>
				</class>
				<class name="com.lexicalscope.fluentreflection.ReflectedConstructors" filename="com/lexicalscope/fluentreflection/ReflectedConstructors.java" line-rate="1.0" branch-rate="1.0" complexity="1.0">
					<methods>
						<method name="&lt;init&gt;" signature="(Ljava/lang/Class;)V" line-rate="1.0" branch-rate="1.0">
							<lines>
								<line number="10" hits="92" branch="false"/>
								<line number="11" hits="92" branch="false"/>
								<line number="12" hits="92" branch="false"/>
							</lines>
						</method>
						<method name="constructors" signature="()Ljava/util/List;" line-rate="1.0" branch-rate="1.0">
							<lines>
								<line number="15" hits="8" branch="false"/>
							</lines>
						</method>
					</methods>
					<lines>
						<line number="10" hits="92" branch="false"/>
						<line number="11" hits="92" branch="false"/>
						<line number="12" hits="92" branch="false"/>
						<line number="15" hits="8" branch="false"/>
					</lines>
				</class>
				<class name="com.lexicalscope.fluentreflection.ReflectedMethod" filename="com/lexicalscope/fluentreflection/ReflectedMethod.java" line-rate="1.0" branch-rate="1.0" complexity="1.0">
					<methods>
					</methods>
					<lines>
					</lines>
				</class>
				<class name="com.lexicalscope.fluentreflection.ReflectedMethodImpl" filename="com/lexicalscope/fluentreflection/ReflectedMethodImpl.java" line-rate="0.5625" branch-rate="0.5" complexity="1.875">
					<methods>
						<method name="&lt;init&gt;" signature="(Ljava/lang/reflect/Method;)V" line-rate="1.0" branch-rate="1.0">
							<lines>
								<line number="31" hits="109" branch="false"/>
								<line number="32" hits="109" branch="false"/>
								<line number="33" hits="109" branch="false"/>
							</lines>
						</method>
						<method name="argumentCount" signature="()I" line-rate="0.0" branch-rate="1.0">
							<lines>
								<line number="47" hits="0" branch="false"/>
							</lines>
						</method>
						<method name="argumentTypes" signature="()Ljava/util/List;" line-rate="1.0" branch-rate="1.0">
							<lines>
								<line number="42" hits="4" branch="false"/>
							</lines>
						</method>
						<method name="call" signature="([Ljava/lang/Object;)Ljava/lang/Object;" line-rate="0.2857142857142857" branch-rate="0.5">
							<lines>
								<line number="62" hits="4" branch="true" condition-coverage="50% (1/2)">
									<conditions>
										<condition number="0" type="jump" coverage="50%"/>
									</conditions>
								</line>
								<line number="64" hits="4" branch="false"/>
								<line number="65" hits="0" branch="false"/>
								<line number="66" hits="0" branch="false"/>
								<line number="67" hits="0" branch="false"/>
								<line number="68" hits="0" branch="false"/>
								<line number="71" hits="0" branch="false"/>
							</lines>
						</method>
						<method name="getDeclaringClass" signature="()Lcom/lexicalscope/fluentreflection/ReflectedType;" line-rate="1.0" branch-rate="1.0">
							<lines>
								<line number="52" hits="12" branch="false"/>
							</lines>
						</method>
						<method name="getName" signature="()Ljava/lang/String;" line-rate="1.0" branch-rate="1.0">
							<lines>
								<line number="37" hits="71" branch="false"/>
							</lines>
						</method>
						<method name="isStatic" signature="()Z" line-rate="1.0" branch-rate="1.0">
							<lines>
								<line number="76" hits="15" branch="false"/>
							</lines>
						</method>
						<method name="toString" signature="()Ljava/lang/String;" line-rate="0.0" branch-rate="1.0">
							<lines>
								<line number="57" hits="0" branch="false"/>
							</lines>
						</method>
					</methods>
					<lines>
						<line number="31" hits="109" branch="false"/>
						<line number="32" hits="109" branch="false"/>
						<line number="33" hits="109" branch="false"/>
						<line number="37" hits="71" branch="false"/>
						<line number="42" hits="4" branch="false"/>
						<line number="47" hits="0" branch="false"/>
						<line number="52" hits="12" branch="false"/>
						<line number="57" hits="0" branch="false"/>
						<line number="62" hits="4" branch="true" condition-coverage="50% (1/2)">
							<conditions>
								<condition number="0" type="jump" coverage="50%"/>
							</conditions>
						</line>
						<line number="64" hits="4" branch="false"/>
						<line number="65" hits="0" branch="false"/>
						<line number="66" hits="0" branch="false"/>
						<line number="67" hits="0" branch="false"/>
						<line number="68" hits="0" branch="false"/>
						<line number="71" hits="0" branch="false"/>
						<line number="76" hits="15" branch="false"/>
					</lines>
				</class>
				<class name="com.lexicalscope.fluentreflection.ReflectedSuperclassesAndInterfaces" filename="com/lexicalscope/fluentreflection/ReflectedSuperclassesAndInterfaces.java" line-rate="1.0" branch-rate="0.75" complexity="2.0">
					<methods>
						<method name="&lt;init&gt;" signature="(Ljava/lang/Class;)V" line-rate="1.0" branch-rate="1.0">
							<lines>
								<line number="13" hits="92" branch="false"/>
								<line number="14" hits="92" branch="false"/>
								<line number="15" hits="92" branch="false"/>
							</lines>
						</method>
						<method name="getDeclaredMethodsOfClass" signature="(Ljava/lang/Class;)Ljava/util/List;" line-rate="1.0" branch-rate="1.0">
							<lines>
								<line number="39" hits="42" branch="false"/>
								<line number="40" hits="42" branch="false"/>
								<line number="41" hits="151" branch="true" condition-coverage="100% (2/2)">
									<conditions>
										<condition number="0" type="jump" coverage="100%"/>
									</conditions>
								</line>
								<line number="42" hits="109" branch="false"/>
								<line number="44" hits="42" branch="false"/>
							</lines>
						</method>
						<method name="interfacesAndSuperClasses" signature="()Ljava/util/List;" line-rate="1.0" branch-rate="0.5">
							<lines>
								<line number="32" hits="23" branch="true" condition-coverage="50% (1/2)">
									<conditions>
										<condition number="0" type="jump" coverage="50%"/>
									</conditions>
								</line>
								<line number="33" hits="23" branch="false"/>
								<line number="35" hits="23" branch="false"/>
							</lines>
						</method>
						<method name="methods" signature="()Ljava/util/List;" line-rate="1.0" branch-rate="0.75">
							<lines>
								<line number="18" hits="18" branch="true" condition-coverage="50% (1/2)">
									<conditions>
										<condition number="0" type="jump" coverage="50%"/>
									</conditions>
								</line>
								<line number="19" hits="18" branch="false"/>
								<line number="21" hits="18" branch="false"/>
								<line number="22" hits="18" branch="true" condition-coverage="100% (2/2)">
									<conditions>
										<condition number="0" type="jump" coverage="100%"/>
									</conditions>
								</line>
								<line number="23" hits="24" branch="false"/>
								<line number="24" hits="24" branch="false"/>
								<line number="26" hits="18" branch="false"/>
								<line number="28" hits="18" branch="false"/>
							</lines>
						</method>
					</methods>
					<lines>
						<line number="13" hits="92" branch="false"/>
						<line number="14" hits="92" branch="false"/>
						<line number="15" hits="92" branch="false"/>
						<line number="18" hits="18" branch="true" condition-coverage="50% (1/2)">
							<conditions>
								<condition number="0" type="jump" coverage="50%"/>
							</conditions>
						</line>
						<line number="19" hits="18" branch="false"/>
						<line number="21" hits="18" branch="false"/>
						<line number="22" hits="18" branch="true" condition-coverage="100% (2/2)">
							<conditions>
								<condition number="0" type="jump" coverage="100%"/>
							</conditions>
						</line>
						<line number="23" hits="24" branch="false"/>
						<line number="24" hits="24" branch="false"/>
						<line number="26" hits="18" branch="false"/>
						<line number="28" hits="18" branch="false"/>
						<line number="32" hits="23" branch="true" condition-coverage="50% (1/2)">
							<conditions>
								<condition number="0" type="jump" coverage="50%"/>
							</conditions>
						</line>
						<line number="33" hits="23" branch="false"/>
						<line number="35" hits="23" branch="false"/>
						<line number="39" hits="42" branch="false"/>
						<line number="40" hits="42" branch="false"/>
						<line number="41" hits="151" branch="true" condition-coverage="100% (2/2)">
							<conditions>
								<condition number="0" type="jump" coverage="100%"/>
							</conditions>
						</line>
						<line number="42" hits="109" branch="false"/>
						<line number="44" hits="42" branch="false"/>
					</lines>
				</class>
				<class name="com.lexicalscope.fluentreflection.ReflectedType" filename="com/lexicalscope/fluentreflection/ReflectedType.java" line-rate="1.0" branch-rate="1.0" complexity="1.0">
					<methods>
					</methods>
					<lines>
					</lines>
				</class>
				<class name="com.lexicalscope.fluentreflection.ReflectedTypeImpl" filename="com/lexicalscope/fluentreflection/ReflectedTypeImpl.java" line-rate="0.7916666666666666" branch-rate="0.5" complexity="1.3333333333333333">
					<methods>
						<method name="&lt;init&gt;" signature="(Ljava/lang/Class;)V" line-rate="1.0" branch-rate="1.0">
							<lines>
								<line number="41" hits="92" branch="false"/>
								<line number="42" hits="92" branch="false"/>
								<line number="43" hits="92" branch="false"/>
								<line number="44" hits="92" branch="false"/>
								<line number="45" hits="92" branch="false"/>
							</lines>
						</method>
						<method name="classUnderReflection" signature="()Ljava/lang/Class;" line-rate="1.0" branch-rate="1.0">
							<lines>
								<line number="49" hits="51" branch="false"/>
							</lines>
						</method>
						<method name="construct" signature="([Ljava/lang/Object;)Ljava/lang/Object;" line-rate="0.75" branch-rate="0.5">
							<lines>
								<line number="88" hits="7" branch="false"/>
								<line number="91" hits="7" branch="true" condition-coverage="50% (1/2)">
									<conditions>
										<condition number="0" type="jump" coverage="50%"/>
									</conditions>
								</line>
								<line number="92" hits="0" branch="false"/>
								<line number="95" hits="7" branch="false"/>
							</lines>
						</method>
						<method name="constructor" signature="(Lcom/lexicalscope/fluentreflection/ReflectionMatcher;)Lcom/lexicalscope/fluentreflection/ReflectedConstructor;" line-rate="1.0" branch-rate="1.0">
							<lines>
								<line number="107" hits="7" branch="false"/>
							</lines>
						</method>
						<method name="constructors" signature="(Lcom/lexicalscope/fluentreflection/ReflectionMatcher;)Ljava/util/List;" line-rate="1.0" branch-rate="1.0">
							<lines>
								<line number="101" hits="1" branch="false"/>
							</lines>
						</method>
						<method name="createReflectedType" signature="(Ljava/lang/Class;)Lcom/lexicalscope/fluentreflection/ReflectedTypeImpl;" line-rate="1.0" branch-rate="1.0">
							<lines>
								<line number="68" hits="56" branch="false"/>
							</lines>
						</method>
						<method name="equals" signature="(Ljava/lang/Object;)Z" line-rate="0.6666666666666666" branch-rate="0.5">
							<lines>
								<line number="112" hits="2" branch="true" condition-coverage="50% (2/4)">
									<conditions>
										<condition number="0" type="jump" coverage="50%"/>
										<condition number="1" type="jump" coverage="50%"/>
									</conditions>
								</line>
								<line number="113" hits="2" branch="false"/>
								<line number="115" hits="0" branch="false"/>
							</lines>
						</method>
						<method name="hashCode" signature="()I" line-rate="0.0" branch-rate="1.0">
							<lines>
								<line number="120" hits="0" branch="false"/>
							</lines>
						</method>
						<method name="interfaces" signature="()Ljava/util/List;" line-rate="1.0" branch-rate="1.0">
							<lines>
								<line number="73" hits="4" branch="false"/>
							</lines>
						</method>
						<method name="isInterface" signature="()Z" line-rate="1.0" branch-rate="1.0">
							<lines>
								<line number="83" hits="6" branch="false"/>
							</lines>
						</method>
						<method name="methods" signature="()Ljava/util/List;" line-rate="0.0" branch-rate="1.0">
							<lines>
								<line number="64" hits="0" branch="false"/>
							</lines>
						</method>
						<method name="methods" signature="(Lorg/hamcrest/Matcher;)Ljava/util/List;" line-rate="1.0" branch-rate="1.0">
							<lines>
								<line number="54" hits="14" branch="false"/>
							</lines>
						</method>
						<method name="staticMethod" signature="(Lorg/hamcrest/Matcher;)Lcom/lexicalscope/fluentreflection/ReflectedMethod;" line-rate="1.0" branch-rate="1.0">
							<lines>
								<line number="59" hits="4" branch="false"/>
							</lines>
						</method>
						<method name="superclasses" signature="()Ljava/util/List;" line-rate="1.0" branch-rate="1.0">
							<lines>
								<line number="78" hits="1" branch="false"/>
							</lines>
						</method>
						<method name="toString" signature="()Ljava/lang/String;" line-rate="0.0" branch-rate="1.0">
							<lines>
								<line number="125" hits="0" branch="false"/>
							</lines>
						</method>
					</methods>
					<lines>
						<line number="41" hits="92" branch="false"/>
						<line number="42" hits="92" branch="false"/>
						<line number="43" hits="92" branch="false"/>
						<line number="44" hits="92" branch="false"/>
						<line number="45" hits="92" branch="false"/>
						<line number="49" hits="51" branch="false"/>
						<line number="54" hits="14" branch="false"/>
						<line number="59" hits="4" branch="false"/>
						<line number="64" hits="0" branch="false"/>
						<line number="68" hits="56" branch="false"/>
						<line number="73" hits="4" branch="false"/>
						<line number="78" hits="1" branch="false"/>
						<line number="83" hits="6" branch="false"/>
						<line number="88" hits="7" branch="false"/>
						<line number="91" hits="7" branch="true" condition-coverage="50% (1/2)">
							<conditions>
								<condition number="0" type="jump" coverage="50%"/>
							</conditions>
						</line>
						<line number="92" hits="0" branch="false"/>
						<line number="95" hits="7" branch="false"/>
						<line number="101" hits="1" branch="false"/>
						<line number="107" hits="7" branch="false"/>
						<line number="112" hits="2" branch="true" condition-coverage="50% (2/4)">
							<conditions>
								<condition number="0" type="jump" coverage="50%"/>
								<condition number="1" type="jump" coverage="50%"/>
							</conditions>
						</line>
						<line number="113" hits="2" branch="false"/>
						<line number="115" hits="0" branch="false"/>
						<line number="120" hits="0" branch="false"/>
						<line number="125" hits="0" branch="false"/>
					</lines>
				</class>
				<class name="com.lexicalscope.fluentreflection.ReflectionMatcher" filename="com/lexicalscope/fluentreflection/ReflectionMatcher.java" line-rate="0.8333333333333334" branch-rate="1.0" complexity="1.0">
					<methods>
						<method name="&lt;init&gt;" signature="()V" line-rate="1.0" branch-rate="1.0">
							<lines>
								<line number="28" hits="127" branch="false"/>
							</lines>
						</method>
						<method name="and" signature="(Lorg/hamcrest/Matcher;)Lcom/lexicalscope/fluentreflection/ReflectionMatcher;" line-rate="1.0" branch-rate="1.0">
							<lines>
								<line number="38" hits="4" branch="false"/>
								<line number="39" hits="4" branch="false"/>
								<line number="40" hits="4" branch="false"/>
								<line number="41" hits="4" branch="false"/>
							</lines>
						</method>
						<method name="or" signature="(Lorg/hamcrest/Matcher;)Lcom/lexicalscope/fluentreflection/ReflectionMatcher;" line-rate="0.0" branch-rate="1.0">
							<lines>
								<line number="53" hits="0" branch="false"/>
							</lines>
						</method>
					</methods>
					<lines>
						<line number="28" hits="127" branch="false"/>
						<line number="38" hits="4" branch="false"/>
						<line number="39" hits="4" branch="false"/>
						<line number="40" hits="4" branch="false"/>
						<line number="41" hits="4" branch="false"/>
						<line number="53" hits="0" branch="false"/>
					</lines>
				</class>
				<class name="com.lexicalscope.fluentreflection.ReflectionMatchers" filename="com/lexicalscope/fluentreflection/ReflectionMatchers.java" line-rate="0.95" branch-rate="1.0" complexity="1.0">
					<methods>
						<method name="&lt;init&gt;" signature="()V" line-rate="0.0" branch-rate="1.0">
							<lines>
								<line number="25" hits="0" branch="false"/>
							</lines>
						</method>
						<method name="anyReflectedType" signature="()Lcom/lexicalscope/fluentreflection/ReflectionMatcher;" line-rate="1.0" branch-rate="1.0">
							<lines>
								<line number="71" hits="4" branch="false"/>
							</lines>
						</method>
						<method name="callableHasArguments" signature="(Ljava/util/List;)Lcom/lexicalscope/fluentreflection/ReflectionMatcher;" line-rate="1.0" branch-rate="1.0">
							<lines>
								<line number="96" hits="8" branch="false"/>
							</lines>
						</method>
						<method name="callableHasArguments" signature="([Ljava/lang/Class;)Lcom/lexicalscope/fluentreflection/ReflectionMatcher;" line-rate="1.0" branch-rate="1.0">
							<lines>
								<line number="92" hits="1" branch="false"/>
							</lines>
						</method>
						<method name="callableHasThisManyArguments" signature="(I)Lcom/lexicalscope/fluentreflection/ReflectionMatcher;" line-rate="1.0" branch-rate="1.0">
							<lines>
								<line number="88" hits="4" branch="false"/>
							</lines>
						</method>
						<method name="methodDeclaredBy" signature="(Ljava/lang/Class;)Lcom/lexicalscope/fluentreflection/ReflectionMatcher;" line-rate="1.0" branch-rate="1.0">
							<lines>
								<line number="51" hits="5" branch="false"/>
							</lines>
						</method>
						<method name="methodHasNameContaining" signature="(Ljava/lang/CharSequence;)Lcom/lexicalscope/fluentreflection/ReflectionMatcher;" line-rate="1.0" branch-rate="1.0">
							<lines>
								<line number="39" hits="10" branch="false"/>
							</lines>
						</method>
						<method name="methodHasNameEndingWith" signature="(Ljava/lang/String;)Lcom/lexicalscope/fluentreflection/ReflectionMatcher;" line-rate="1.0" branch-rate="1.0">
							<lines>
								<line number="31" hits="4" branch="false"/>
							</lines>
						</method>
						<method name="methodHasNameMatching" signature="(Ljava/lang/String;)Lcom/lexicalscope/fluentreflection/ReflectionMatcher;" line-rate="1.0" branch-rate="1.0">
							<lines>
								<line number="35" hits="4" branch="false"/>
							</lines>
						</method>
						<method name="methodHasNameStartingWith" signature="(Ljava/lang/String;)Lcom/lexicalscope/fluentreflection/ReflectionMatcher;" line-rate="1.0" branch-rate="1.0">
							<lines>
								<line number="27" hits="4" branch="false"/>
							</lines>
						</method>
						<method name="methodNamed" signature="(Ljava/lang/String;)Lcom/lexicalscope/fluentreflection/ReflectionMatcher;" line-rate="1.0" branch-rate="1.0">
							<lines>
								<line number="43" hits="23" branch="false"/>
							</lines>
						</method>
						<method name="methodWithArguments" signature="([Ljava/lang/Class;)Lcom/lexicalscope/fluentreflection/ReflectionMatcher;" line-rate="1.0" branch-rate="1.0">
							<lines>
								<line number="47" hits="5" branch="false"/>
							</lines>
						</method>
						<method name="reflectedConstructorReflectingOn" signature="(Ljava/lang/reflect/Constructor;)Lcom/lexicalscope/fluentreflection/ReflectionMatcher;" line-rate="1.0" branch-rate="1.0">
							<lines>
								<line number="84" hits="1" branch="false"/>
							</lines>
						</method>
						<method name="reflectedTypeReflectingOn" signature="(Ljava/lang/Class;)Lcom/lexicalscope/fluentreflection/ReflectionMatcher;" line-rate="1.0" branch-rate="1.0">
							<lines>
								<line number="75" hits="8" branch="false"/>
							</lines>
						</method>
						<method name="reflectedTypeReflectingOnAssignableFrom" signature="(Ljava/lang/Class;)Lcom/lexicalscope/fluentreflection/ReflectionMatcher;" line-rate="1.0" branch-rate="1.0">
							<lines>
								<line number="79" hits="7" branch="false"/>
							</lines>
						</method>
						<method name="staticMethod" signature="()Lcom/lexicalscope/fluentreflection/ReflectionMatcher;" line-rate="1.0" branch-rate="1.0">
							<lines>
								<line number="100" hits="4" branch="false"/>
							</lines>
						</method>
						<method name="typeHasInterface" signature="(Ljava/lang/Class;)Lcom/lexicalscope/fluentreflection/ReflectionMatcher;" line-rate="1.0" branch-rate="1.0">
							<lines>
								<line number="63" hits="4" branch="false"/>
							</lines>
						</method>
						<method name="typeHasNoInterfaces" signature="()Lcom/lexicalscope/fluentreflection/ReflectionMatcher;" line-rate="1.0" branch-rate="1.0">
							<lines>
								<line number="55" hits="6" branch="false"/>
							</lines>
						</method>
						<method name="typeHasNoSuperclasses" signature="()Lcom/lexicalscope/fluentreflection/ReflectionMatcher;" line-rate="1.0" branch-rate="1.0">
							<lines>
								<line number="59" hits="3" branch="false"/>
							</lines>
						</method>
						<method name="typeIsInterface" signature="()Lcom/lexicalscope/fluentreflection/ReflectionMatcher;" line-rate="1.0" branch-rate="1.0">
							<lines>
								<line number="67" hits="8" branch="false"/>
							</lines>
						</method>
					</methods>
					<lines>
						<line number="25" hits="0" branch="false"/>
						<line number="27" hits="4" branch="false"/>
						<line number="31" hits="4" branch="false"/>
						<line number="35" hits="4" branch="false"/>
						<line number="39" hits="10" branch="false"/>
						<line number="43" hits="23" branch="false"/>
						<line number="47" hits="5" branch="false"/>
						<line number="51" hits="5" branch="false"/>
						<line number="55" hits="6" branch="false"/>
						<line number="59" hits="3" branch="false"/>
						<line number="63" hits="4" branch="false"/>
						<line number="67" hits="8" branch="false"/>
						<line number="71" hits="4" branch="false"/>
						<line number="75" hits="8" branch="false"/>
						<line number="79" hits="7" branch="false"/>
						<line number="84" hits="1" branch="false"/>
						<line number="88" hits="4" branch="false"/>
						<line number="92" hits="1" branch="false"/>
						<line number="96" hits="8" branch="false"/>
						<line number="100" hits="4" branch="false"/>
					</lines>
				</class>
				<class name="com.lexicalscope.fluentreflection.ReflectionRuntimeException" filename="com/lexicalscope/fluentreflection/ReflectionRuntimeException.java" line-rate="0.0" branch-rate="1.0" complexity="1.0">
					<methods>
						<method name="&lt;init&gt;" signature="()V" line-rate="0.0" branch-rate="1.0">
							<lines>
								<line number="7" hits="0" branch="false"/>
								<line number="8" hits="0" branch="false"/>
							</lines>
						</method>
						<method name="&lt;init&gt;" signature="(Ljava/lang/String;)V" line-rate="0.0" branch-rate="1.0">
							<lines>
								<line number="15" hits="0" branch="false"/>
								<line number="16" hits="0" branch="false"/>
							</lines>
						</method>
						<method name="&lt;init&gt;" signature="(Ljava/lang/String;Ljava/lang/Throwable;)V" line-rate="0.0" branch-rate="1.0">
							<lines>
								<line number="11" hits="0" branch="false"/>
								<line number="12" hits="0" branch="false"/>
							</lines>
						</method>
						<method name="&lt;init&gt;" signature="(Ljava/lang/Throwable;)V" line-rate="0.0" branch-rate="1.0">
							<lines>
								<line number="19" hits="0" branch="false"/>
								<line number="20" hits="0" branch="false"/>
							</lines>
						</method>
					</methods>
					<lines>
						<line number="7" hits="0" branch="false"/>
						<line number="8" hits="0" branch="false"/>
						<line number="11" hits="0" branch="false"/>
						<line number="12" hits="0" branch="false"/>
						<line number="15" hits="0" branch="false"/>
						<line number="16" hits="0" branch="false"/>
						<line number="19" hits="0" branch="false"/>
						<line number="20" hits="0" branch="false"/>
					</lines>
				</class>
				<class name="com.lexicalscope.fluentreflection.StringHelpers" filename="com/lexicalscope/fluentreflection/StringHelpers.java" line-rate="0.0" branch-rate="1.0" complexity="1.0">
					<methods>
						<method name="&lt;init&gt;" signature="()V" line-rate="0.0" branch-rate="1.0">
							<lines>
								<line number="6" hits="0" branch="false"/>
							</lines>
						</method>
						<method name="argList" signature="([Ljava/lang/Object;)Ljava/lang/String;" line-rate="0.0" branch-rate="1.0">
							<lines>
								<line number="8" hits="0" branch="false"/>
							</lines>
						</method>
						<method name="constructor" signature="(Ljava/lang/Class;[Ljava/lang/Object;)Ljava/lang/Object;" line-rate="0.0" branch-rate="1.0">
							<lines>
								<line number="16" hits="0" branch="false"/>
							</lines>
						</method>
						<method name="constructor" signature="(Ljava/lang/String;Ljava/lang/String;)Ljava/lang/String;" line-rate="0.0" branch-rate="1.0">
							<lines>
								<line number="12" hits="0" branch="false"/>
							</lines>
						</method>
					</methods>
					<lines>
						<line number="6" hits="0" branch="false"/>
						<line number="8" hits="0" branch="false"/>
						<line number="12" hits="0" branch="false"/>
						<line number="16" hits="0" branch="false"/>
					</lines>
				</class>
				<class name="com.lexicalscope.fluentreflection.TypeHierarchyCalculation" filename="com/lexicalscope/fluentreflection/TypeHierarchyCalculation.java" line-rate="0.9545454545454546" branch-rate="0.9" complexity="2.5">
					<methods>
						<method name="&lt;init&gt;" signature="()V" line-rate="1.0" branch-rate="1.0">
							<lines>
								<line number="25" hits="23" branch="false"/>
								<line number="26" hits="23" branch="false"/>
								<line number="27" hits="23" branch="false"/>
								<line number="28" hits="23" branch="false"/>
							</lines>
						</method>
						<method name="interfacesAndSuperClass" signature="(Ljava/lang/Class;)Ljava/util/List;" line-rate="1.0" branch-rate="1.0">
							<lines>
								<line number="31" hits="23" branch="false"/>
								<line number="32" hits="23" branch="false"/>
								<line number="33" hits="23" branch="false"/>
							</lines>
						</method>
						<method name="processClass" signature="(Ljava/lang/Class;)V" line-rate="0.8333333333333334" branch-rate="0.5">
							<lines>
								<line number="43" hits="30" branch="false"/>
								<line number="44" hits="30" branch="true" condition-coverage="50% (1/2)">
									<conditions>
										<condition number="0" type="jump" coverage="50%"/>
									</conditions>
								</line>
								<line number="45" hits="0" branch="false"/>
								<line number="47" hits="30" branch="false"/>
								<line number="48" hits="30" branch="false"/>
								<line number="49" hits="30" branch="false"/>
							</lines>
						</method>
						<method name="processesPendingTypes" signature="()V" line-rate="1.0" branch-rate="1.0">
							<lines>
								<line number="37" hits="53" branch="true" condition-coverage="100% (2/2)">
									<conditions>
										<condition number="0" type="jump" coverage="100%"/>
									</conditions>
								</line>
								<line number="38" hits="30" branch="false"/>
								<line number="40" hits="23" branch="false"/>
							</lines>
						</method>
						<method name="queueSuperclassAndInterfaces" signature="(Ljava/lang/Class;)V" line-rate="1.0" branch-rate="1.0">
							<lines>
								<line number="52" hits="53" branch="true" condition-coverage="100% (4/4)">
									<conditions>
										<condition number="0" type="jump" coverage="100%"/>
										<condition number="1" type="jump" coverage="100%"/>
									</conditions>
								</line>
								<line number="53" hits="10" branch="false"/>
								<line number="55" hits="53" branch="false"/>
								<line number="56" hits="73" branch="true" condition-coverage="100% (2/2)">
									<conditions>
										<condition number="0" type="jump" coverage="100%"/>
									</conditions>
								</line>
								<line number="57" hits="20" branch="false"/>
								<line number="59" hits="53" branch="false"/>
							</lines>
						</method>
					</methods>
					<lines>
						<line number="25" hits="23" branch="false"/>
						<line number="26" hits="23" branch="false"/>
						<line number="27" hits="23" branch="false"/>
						<line number="28" hits="23" branch="false"/>
						<line number="31" hits="23" branch="false"/>
						<line number="32" hits="23" branch="false"/>
						<line number="33" hits="23" branch="false"/>
						<line number="37" hits="53" branch="true" condition-coverage="100% (2/2)">
							<conditions>
								<condition number="0" type="jump" coverage="100%"/>
							</conditions>
						</line>
						<line number="38" hits="30" branch="false"/>
						<line number="40" hits="23" branch="false"/>
						<line number="43" hits="30" branch="false"/>
						<line number="44" hits="30" branch="true" condition-coverage="50% (1/2)">
							<conditions>
								<condition number="0" type="jump" coverage="50%"/>
							</conditions>
						</line>
						<line number="45" hits="0" branch="false"/>
						<line number="47" hits="30" branch="false"/>
						<line number="48" hits="30" branch="false"/>
						<line number="49" hits="30" branch="false"/>
						<line number="52" hits="53" branch="true" condition-coverage="100% (4/4)">
							<conditions>
								<condition number="0" type="jump" coverage="100%"/>
								<condition number="1" type="jump" coverage="100%"/>
							</conditions>
						</line>
						<line number="53" hits="10" branch="false"/>
						<line number="55" hits="53" branch="false"/>
						<line number="56" hits="73" branch="true" condition-coverage="100% (2/2)">
							<conditions>
								<condition number="0" type="jump" coverage="100%"/>
							</conditions>
						</line>
						<line number="57" hits="20" branch="false"/>
						<line number="59" hits="53" branch="false"/>
					</lines>
				</class>
			</classes>
		</package>
	</packages>
</coverage>
